参考文章

1. [c语言栈溢出的原因及解决办法_C++软件发生异常时的常见原因分析与总结](https://blog.csdn.net/weixin_32646781/article/details/112370493)
    - 线程栈溢出的可能原因
        1. 递归调用
        2. 多个函数的闭环调用(类似于死锁)
        3. 栈中直接定义大对象(可以在堆上new一个)
2. [Go 语言内存管理三部曲（二）解密栈内存管理](http://www.wenwoha.com/blog_detail-620.html)
    - v1.0 ~ v1.1 — 最小栈内存空间为 4KB；
    - v1.2 — 将最小栈内存提升到了 8KB；
    - v1.3 — 使用连续栈替换之前版本的分段栈；
    - v1.4 — 将最小栈内存降低到了 2KB；
    - 分段栈，随着goroutine 调用的函数层级的深入或者局部变量需要的越来越多时，运行时会调用 runtime.morestack 和 runtime.newstack创建一个新的栈空间
3. [GDB 常用命令学习](https://blog.csdn.net/The_sun0808/article/details/50000447)
4. [常用汇编语法 --- intel](https://blog.51cto.com/u_15061952/4363837)
    - jmp: 无条件跳转
    - ja: 无符号大于则跳转

```console
$ 6l -a main.6 | head
codeblk [0x400c00,0x41c01a) at offset 0xc00
400c00	main.main            | (3)	TEXT	main.main+0(SB),$0
400c00	64488b0c25f0ffffff   | (3)	MOVQ	-16(FS),CX
400c09	483b21               | (3)	CMPQ	SP,(CX)
400c0c	7707                 | (3)	JHI	,400c15
400c0e	e87da60100           | (3)	CALL	,41b290+runtime.morestack00
400c13	ebeb                 | (3)	JMP	,400c00
400c15	                     | (3)	NOP	,
400c15	                     | (3)	NOP	,
400c15	                     | (3)	FUNCDATA	$0,main.gcargs·0+0(SB)
```

```
(gdb) b main.main
Breakpoint 1 at 0x400c00: file /root/go/gopath/src/005.split.stack/./main.go, line 3.
(gdb) r
Starting program: /root/go/gopath/src/005.split.stack/./6.out

Breakpoint 1, main.main () at /root/go/gopath/src/005.split.stack/./main.go:3
3	func main() {
(gdb) disas                                                                     ## 在实际执行 main() 函数体之前, 还存在一段汇编代码.
Dump of assembler code for function main.main:                                  ## 使用 disas 指令可以查看这段代码.
=> 0x0000000000400c00 <+0>:	mov    %fs:0xfffffffffffffff0,%rcx                  ## 1. 获取 stackguard0 成员变量的地址, 赋值给 rcx 寄存器.
   0x0000000000400c09 <+9>:	cmp    (%rcx),%rsp                                  ## 2. 比较 stackguard0 的地址与当前栈最新位置的大小
   0x0000000000400c0c <+12>:	ja     0x400c15 <main.main+21>                  ## 3. ja(无符号大于则跳转) 如果当前栈指针低于 stackguard0 位置, 表示该扩展栈空间了(栈空间是向下增加的).
   0x0000000000400c0e <+14>:	callq  0x41b290 <runtime.morestack00>           ## 4. 执行 morestack() 函数, 扩展空间.
   0x0000000000400c13 <+19>:	jmp    0x400c00 <main.main>                     ## 5. jmp(无条件跳转)
   0x0000000000400c15 <+21>:	callq  0x400c00 <main.main>
   0x0000000000400c1a <+26>:	retq
End of assembler dump.
(gdb) si                                                                        ## si 汇编级别步入(同"step in")
0x0000000000400c09	3	func main() {
(gdb) disas
Dump of assembler code for function main.main:
   0x0000000000400c00 <+0>:	mov    %fs:0xfffffffffffffff0,%rcx
=> 0x0000000000400c09 <+9>:	cmp    (%rcx),%rsp
   0x0000000000400c0c <+12>:	ja     0x400c15 <main.main+21>
   0x0000000000400c0e <+14>:	callq  0x41b290 <runtime.morestack00>
   0x0000000000400c13 <+19>:	jmp    0x400c00 <main.main>
   0x0000000000400c15 <+21>:	callq  0x400c00 <main.main>
   0x0000000000400c1a <+26>:	retq
End of assembler dump.
(gdb) info reg                                                                  ## 查看当前上下文中各寄存器的值
rax            0xc210001120	833492095264
rbx            0xc21000f000	833492152320
rcx            0xc210001120	833492095264
rdx            0x1	1
rsi            0x80	128
rdi            0xc2100014d8	833492096216
rbp            0xc21000f000	0xc21000f000
rsp            0x7ffff7e2ef40	0x7ffff7e2ef40
r8             0xc210011000	833492160512
r9             0xc210001360	833492095840
r10            0x8	8
r11            0x206	518
r12            0x40ee20	4255264
r13            0x0	0
r14            0x0	0
r15            0x0	0
rip            0x400c09	0x400c09 <main.main+9>
eflags         0x212	[ AF IF ]
cs             0x33	51
ss             0x2b	43
ds             0x0	0
es             0x0	0
fs             0x63	99
gs             0x0	0
```
